Arguments: 
  /Users/dongnt/.nvm/versions/node/v16.4.0/bin/node /Users/dongnt/.yarn/bin/yarn.js

PATH: 
  /Users/dongnt/.yarn/bin:/Users/dongnt/.config/yarn/global/node_modules/.bin:/Users/dongnt/.nvm/versions/node/v16.4.0/bin:/usr/local/bin:/usr/bin:/bin:/usr/sbin:/sbin:/usr/local/go/bin:/Library/Apple/usr/bin:/Users/dongnt/.yarn/bin:/Users/dongnt/.config/yarn/global/node_modules/.bin:/Users/dongnt/.nvm/versions/node/v16.4.0/bin:/Users/dongnt/Documents/Golang/bin:/Users/dongnt/Documents/Golang/bin

Yarn version: 
  1.22.17

Node version: 
  16.4.0

Platform: 
  darwin x64

Trace: 
  SyntaxError: /Users/dongnt/Desktop/Appota/acheckin-backend-boiler/src/package.json: Unexpected token } in JSON at position 3816
      at JSON.parse (<anonymous>)
      at /Users/dongnt/.yarn/lib/cli.js:1625:59
      at Generator.next (<anonymous>)
      at step (/Users/dongnt/.yarn/lib/cli.js:310:30)
      at /Users/dongnt/.yarn/lib/cli.js:321:13

npm manifest: 
  {
    "name": "src",
    "version": "1.0.0",
    "description": "",
    "main": "index.js",
    "scripts": {
      "build": "ttsc -p tsconfig.json",
      "docgen": "ttsc -p tsconfig.json && node ./dist/swagger.js",
      "dev": "NODE_ENV=dev DEBUG=api:* DOTENV_FILE=.env ttsc -p tsconfig.json && nodemon --delay 1 ./dist",
      "dev2": "NODE_ENV=development DEBUG=api:* DOTENV_FILE=.env concurrently \"ttsc -w -p tsconfig.json\" \"node ./dist/swagger.js\" \"nodemon --delay 1 ./dist\"",
      "dev_queue": "NODE_ENV=development DEBUG=api:* DOTENV_FILE=.env concurrently \"ttsc -w -p tsconfig.json\"  \"nodemon --delay 1 ./dist/queue.js\"",
      "start": "pm2-runtime /app/ecosystem.server.js",
      "queue": "pm2-runtime /app/ecosystem.queue.js",
      "migrate": "ttsc -p tsconfig.json && node ./dist/commands/genMigrateSql.command && sequelize-cli db:migrate"
    },
    "keywords": [
      "boiler"
    ],
    "author": "dongnt",
    "license": "ISC",
    "dependencies": {
      "@joi/date": "^2.1.0",
      "@sentry/node": "^6.7.2",
          "@socket.io/admin-ui": "^0.2.0",
          "@socket.io/redis-adapter": "^7.1.0",
          "@types/express": "^4.17.12",
          "@types/joi": "^17.2.3",
          "@types/pino": "^6.3.11",
          "@types/sequelize": "^4.28.9",
          "acheckin-id-token": "^1.3.5",
          "authenticator": "^1.1.5",
          "awilix": "^4.3.4",
          "axios": "^0.21.1",
          "bcrypt": "^5.0.1",
          "body-parser": "^1.19.0",
          "bull": "^3.27.0",
          "chalk": "^4.1.1",
          "compression": "^1.7.4",
          "concurrently": "^6.2.0",
          "cors": "^2.8.5",
          "crypto": "^1.0.1",
          "crypto-js": "^4.1.1",
          "dotenv": "^10.0.0",
          "exceljs": "^4.2.1",
          "express": "^4.17.1",
          "fb": "^2.0.0",
          "firebase-admin": "^10.0.0",
          "form-data": "^4.0.0",
          "googleapis": "^82.0.0",
          "helmet": "^4.6.0",
          "i18n": "^0.13.3",
          "i18next": "^20.3.2",
          "ioredis": "^4.27.6",
          "jaeger-client": "^3.18.1",
          "joi": "^17.4.0",
          "jsonwebtoken": "^8.5.1",
          "libphonenumber-js": "^1.9.20",
          "lodash": "^4.17.21",
          "mailer": "^0.6.7",
          "mariadb": "^2.5.4",
          "moleculer": "^0.13.12",
          "moment-timezone": "^0.5.33",
          "multer": "^1.4.2",
          "mysql": "^2.18.1",
          "mysql2": "^2.2.5",
          "nats": "^1.3.2",
          "nodemailer": "^6.6.2",
          "nodemon": "^2.0.7",
          "opentracing": "^0.14.5",
          "pg": "^8.6.0",
          "pg-hstore": "^2.3.4",
          "pino": "^6.13.0",
          "query-string": "^7.0.1",
          "randomatic": "^3.1.1",
          "redis": "^4.0.0",
          "sequelize": "^6.6.4",
          "sequelize-cli": "^6.2.0",
          "sequelize-hierarchy-fork": "^1.0.0",
          "sequelize-slugify": "^1.5.0",
          "skywalking-backend-js": "^0.3.0",
          "socket.io": "^4.4.0",
          "swagger-jsdoc": "^6.1.0",
          "ts-transformer-imports": "^0.4.3",
          "ttypescript": "^1.5.12",
          "typescript": "^4.3.4",
          "uuid": "^8.3.2",
          "uuidv4": "^6.2.12"
    },
    "devDependencies": {
      "@types/authenticator": "^1.1.0",
      "@types/bcrypt": "^5.0.0",
      "@types/bull": "^3.15.3",
      "@types/compression": "^1.7.0",
      "@types/cors": "^2.8.10",
      "@types/hapi__joi": "^17.1.6",
      "@types/i18n": "^0.13.0",
      "@types/jsonwebtoken": "^8.5.3",
      "@types/multer": "^1.4.7",
      "@types/nodemailer": "^6.4.4",
      "@types/pg": "^8.6.0",
      "@types/pretty-quick": "^2.0.1",
      "@types/randomatic": "^3.1.2",
      "@types/socket.io": "^3.0.2",
      "@types/swagger-jsdoc": "^6.0.0",
      "@typescript-eslint/eslint-plugin": "^4.28.0",
      "@typescript-eslint/parser": "^4.28.0",
      "eslint": "^7.29.0",
      "husky": "^6.0.0",
      "lint-staged": "^11.0.0",
      "prettier": "^2.3.2",
      "pretty-quick": "^3.1.1"
  },
  }

yarn manifest: 
  No manifest

Lockfile: 
  # THIS IS AN AUTOGENERATED FILE. DO NOT EDIT THIS FILE DIRECTLY.
  # yarn lockfile v1
  
  
  "@joi/date@^2.1.0":
    version "2.1.0"
    resolved "https://registry.yarnpkg.com/@joi/date/-/date-2.1.0.tgz#fa7e3069a63c17d9ebe51a0b667f090c288de237"
    integrity sha512-2zN5m0LgxZp/cynHGbzEImVmFIa+n+IOb/Nlw5LX/PLJneeCwG1NbiGw7MvPjsAKUGQK8z31Nn6V6lEN+4fZhg==
    dependencies:
      moment "2.x.x"
  
  moment@2.x.x:
    version "2.29.1"
    resolved "https://registry.yarnpkg.com/moment/-/moment-2.29.1.tgz#b2be769fa31940be9eeea6469c075e35006fa3d3"
    integrity sha512-kHmoybcPV8Sqy59DwNDY3Jefr64lK/by/da0ViFcuA4DH0vQg5Q6Ze5VimxkfQNSC+Mls/Kx53s7TjP1RhFEDQ==
